<?xml version="1.0" encoding="UTF-8"?>
<!-- Generated by org.testng.reporters.JUnitReportReporter -->
<testsuite hostname="DESKTOP-V0QFLPA" failures="0" tests="7" name="TestLoginFunctionality" time="9.499" errors="0" timestamp="2024-09-11T15:20:53 IST" skipped="0">
  <testcase classname="TestLoginFunctionality" name="testvalidCredentials" time="4.912"/>
  <testcase classname="TestLoginFunctionality" name="testInvalidPassword" time="1.328"/>
  <testcase classname="TestLoginFunctionality" name="testInvalidEmail" time="0.908"/>
  <testcase classname="TestLoginFunctionality" name="testBothInvalidCredentials" time="0.884"/>
  <testcase classname="TestLoginFunctionality" name="testEmptyEmail" time="0.437"/>
  <testcase classname="TestLoginFunctionality" name="testEmptyPassword" time="0.453"/>
  <testcase classname="TestLoginFunctionality" name="testBothEmptyFields" time="0.577"/>
</testsuite> <!-- TestLoginFunctionality -->
